[2025-09-01T13:27:13.613Z] | Link ID: k4SSwYT | Lokasi: http://googleusercontent.com/maps.google.com/4{latitude},106.72900150000001
[2025-09-01T13:27:31.003Z] | Link ID: Pq5DYKs | Lokasi: http://googleusercontent.com/maps.google.com/4{latitude},106.72900349438044
[2025-09-01T13:28:18.722Z] | Link ID: Pq5DYKs | Lokasi: http://googleusercontent.com/maps.google.com/4{latitude},106.72900349438044
[2025-09-01T13:28:20.273Z] | Link ID: Pq5DYKs | Lokasi: http://googleusercontent.com/maps.google.com/4{latitude},106.72900349438044
[2025-09-01T13:28:35.093Z] | Link ID: 5PNYM1N | Lokasi: http://googleusercontent.com/maps.google.com/4{latitude},106.72900349438044
[2025-09-01T13:41:04.281Z] | Link ID: Ko_Ngcp | Lokasi: http://googleusercontent.com/maps.google.com/4{latitude},106.729008
[2025-09-01T13:45:11.666Z] | Link ID: 9KOCv_O | Lokasi: http://googleusercontent.com/maps.google.com/4{latitude},106.72900349438044
[2025-09-01T13:46:54.082Z] | Link ID: MwN8ve8 | Lokasi: http://googleusercontent.com/maps.google.com/4{latitude},106.72900349438044
[2025-09-01T13:47:36.247Z] | Link ID: 069EwP0 | Lokasi: http://googleusercontent.com/maps.google.com/4{latitude},106.72900349438044
[2025-09-01T13:51:10.483Z] | Link ID: WJQetR_ | Lokasi: http://googleusercontent.com/maps.google.com/4{latitude},106.729008
[2025-09-01T13:58:23.504Z] | Link ID: 0oAksph | Lokasi: http://googleusercontent.com/maps.google.com/5{latitude},106.72900399999999
[2025-09-01T14:00:40.840Z] | Link ID: ZPdVBAp | Lokasi: http://googleusercontent.com/maps/google.com/6{latitude},106.7290090408006
[2025-09-01T14:03:09.295Z] | Link ID: k2Nfo08 | Lokasi: http://googleusercontent.com/maps.google.com/7{latitude},106.72900349438044
[2025-09-01T14:06:25.346Z] | Link ID: 8vHeHIb | Lokasi: http://googleusercontent.com/maps.google.com/8{latitude},106.729008
[2025-09-01T14:08:41.304Z] | Link ID: HgEmbji | Lokasi: https://www.google.com/maps?q=-6.1841838595073115,106.7290090408006
[2025-09-01T14:16:59.397Z] | Link ID: N8rWicD | Lokasi: https://www.google.com/maps?q=-6.184192582773365,106.729012
[2025-09-01T14:17:42.604Z] | Link ID: jtqHc4Z | Lokasi: https://www.google.com/maps?q=-6.1841838595073115,106.7290090408006
[2025-09-01T14:42:58.762Z] | Link ID: A1lGOLQ | Lokasi: https://www.google.com/maps?q=-6.1841715,106.729008
[2025-09-01T14:48:11.487Z] | Link ID: WrdGLZR | Lokasi: https://www.google.com/maps?q=-6.1841715,106.729008
[2025-09-01T14:59:26.522Z] | Link ID: 9uoEkhC | Lokasi: https://www.google.com/maps?q=-6.184158833333333,106.72900150000001
[2025-09-01T16:57:27.149Z] | Link ID: 2d0kwot | Lokasi: http://googleusercontent.com/maps.google.com/8{latitude},106.7290090408006
[2025-09-01T17:00:49.905Z] | User: tes1 | Link ID: _G1oiKB | Lokasi: https://www.google.com/maps?q=-6.1841838595073115,106.7290090408006
[2025-09-01T17:02:13.053Z] | User: oke | Link ID: _gCuAT9 | Lokasi: https://www.google.com/maps?q=-6.1841838595073115,106.7290090408006
